{"uuid":"a4eb7380-265a-4b31-8149-29631a8ef3f7","historyId":"4645435b27dc0029dffc0f9529dce45a","testCaseId":"[engine:junit-jupiter]/[class:tests.comite.TestFlujoComite]/[method:TC21171_stepSubirMinuta()]","testCaseName":"tests.comite.TestFlujoComite.TC21171_stepSubirMinuta","fullName":"tests.comite.TestFlujoComite.TC21171_stepSubirMinuta","labels":[{"name":"junit.platform.uniqueid","value":"[engine:junit-jupiter]/[class:tests.comite.TestFlujoComite]/[method:TC21171_stepSubirMinuta()]"},{"name":"feature","value":"Gestión de reuniones y documentos en Comité"},{"name":"epic","value":"Comité"},{"name":"host","value":"Osiel"},{"name":"thread","value":"40264@Osiel.main(1)"},{"name":"framework","value":"junit-platform"},{"name":"language","value":"java"},{"name":"package","value":"tests.comite.TestFlujoComite"},{"name":"testClass","value":"tests.comite.TestFlujoComite"},{"name":"testMethod","value":"TC21171_stepSubirMinuta"},{"name":"suite","value":"tests.comite.TestFlujoComite"},{"name":"severity","value":"normal"}],"links":[],"name":"tests.comite.TestFlujoComite.TC21171_stepSubirMinuta","status":"broken","statusDetails":{"known":false,"muted":false,"flaky":false,"message":"Expected condition failed: waiting for presence of element located by: By.xpath: //div[contains(@name, 'GJE') and normalize-space()='COORDINADOR COMITES'] (tried for 10 second(s) with 500 milliseconds interval)","trace":"org.openqa.selenium.TimeoutException: Expected condition failed: waiting for presence of element located by: By.xpath: //div[contains(@name, 'GJE') and normalize-space()='COORDINADOR COMITES'] (tried for 10 second(s) with 500 milliseconds interval)\r\n\tat org.openqa.selenium.support.ui.WebDriverWait.timeoutException(WebDriverWait.java:84)\r\n\tat org.openqa.selenium.support.ui.FluentWait.until(FluentWait.java:228)\r\n\tat cl.aach.pages.comite.ComiteSubirDocumentos.clickConsultor(ComiteSubirDocumentos.java:91)\r\n\tat tests.comite.TestFlujoComite.hacerClickEnConsultor(TestFlujoComite.java:134)\r\n\tat tests.comite.TestFlujoComite.subirDocumento(TestFlujoComite.java:183)\r\n\tat tests.comite.TestFlujoComite.TC21171_stepSubirMinuta(TestFlujoComite.java:80)\r\n\tat java.base/java.lang.reflect.Method.invoke(Method.java:580)\r\n\tat java.base/java.util.ArrayList.forEach(ArrayList.java:1597)\r\n\tat java.base/java.util.ArrayList.forEach(ArrayList.java:1597)\r\nCaused by: org.openqa.selenium.NoSuchElementException: no such element: Unable to locate element: {\"method\":\"xpath\",\"selector\":\"//div[contains(@name, 'GJE') and normalize-space()='COORDINADOR COMITES']\"}\n  (Session info: chrome=133.0.6943.142)\nFor documentation on this error, please visit: https://www.selenium.dev/documentation/webdriver/troubleshooting/errors#no-such-element-exception\nBuild info: version: '4.28.1', revision: '73f5ad48a2'\nSystem info: os.name: 'Windows 11', os.arch: 'amd64', os.version: '10.0', java.version: '23.0.1'\nDriver info: org.openqa.selenium.chrome.ChromeDriver\nCommand: [957d1ea8be486b8c404cdc47637db891, findElement {value=//div[contains(@name, 'GJE') and normalize-space()='COORDINADOR COMITES'], using=xpath}]\nCapabilities {acceptInsecureCerts: false, browserName: chrome, browserVersion: 133.0.6943.142, chrome: {chromedriverVersion: 133.0.6943.141 (2a5d6da0d61..., userDataDir: C:\\Users\\osiel\\AppData\\Loca...}, fedcm:accounts: true, goog:chromeOptions: {debuggerAddress: localhost:55562}, networkConnectionEnabled: false, pageLoadStrategy: normal, platformName: windows, proxy: Proxy(), se:cdp: ws://localhost:55562/devtoo..., se:cdpVersion: 133.0.6943.142, setWindowRect: true, strictFileInteractability: false, timeouts: {implicit: 0, pageLoad: 300000, script: 30000}, unhandledPromptBehavior: dismiss and notify, webauthn:extension:credBlob: true, webauthn:extension:largeBlob: true, webauthn:extension:minPinLength: true, webauthn:extension:prf: true, webauthn:virtualAuthenticators: true}\nSession ID: 957d1ea8be486b8c404cdc47637db891\r\n\tat java.base/jdk.internal.reflect.DirectConstructorHandleAccessor.newInstance(DirectConstructorHandleAccessor.java:62)\r\n\tat java.base/java.lang.reflect.Constructor.newInstanceWithCaller(Constructor.java:501)\r\n\tat java.base/java.lang.reflect.Constructor.newInstance(Constructor.java:485)\r\n\tat org.openqa.selenium.remote.ErrorCodec.decode(ErrorCodec.java:167)\r\n\tat org.openqa.selenium.remote.codec.w3c.W3CHttpResponseCodec.decode(W3CHttpResponseCodec.java:138)\r\n\tat org.openqa.selenium.remote.codec.w3c.W3CHttpResponseCodec.decode(W3CHttpResponseCodec.java:50)\r\n\tat org.openqa.selenium.remote.HttpCommandExecutor.execute(HttpCommandExecutor.java:215)\r\n\tat org.openqa.selenium.remote.service.DriverCommandExecutor.invokeExecute(DriverCommandExecutor.java:216)\r\n\tat org.openqa.selenium.remote.service.DriverCommandExecutor.execute(DriverCommandExecutor.java:174)\r\n\tat org.openqa.selenium.remote.RemoteWebDriver.execute(RemoteWebDriver.java:545)\r\n\tat org.openqa.selenium.remote.ElementLocation$ElementFinder$2.findElement(ElementLocation.java:165)\r\n\tat org.openqa.selenium.remote.ElementLocation.findElement(ElementLocation.java:59)\r\n\tat org.openqa.selenium.remote.RemoteWebDriver.findElement(RemoteWebDriver.java:368)\r\n\tat org.openqa.selenium.remote.RemoteWebDriver.findElement(RemoteWebDriver.java:362)\r\n\tat org.openqa.selenium.support.ui.ExpectedConditions$6.apply(ExpectedConditions.java:171)\r\n\tat org.openqa.selenium.support.ui.ExpectedConditions$6.apply(ExpectedConditions.java:168)\r\n\tat org.openqa.selenium.support.ui.FluentWait.until(FluentWait.java:203)\r\n\t... 7 more\r\n"},"stage":"finished","description":"Subir un documento de tipo 'Minuta' al sistema Comité.","steps":[],"attachments":[],"parameters":[],"start":1741725274075,"stop":1741725299660}