{"uuid":"b2ea9a75-e91a-484b-9652-11520e111351","historyId":"8cfb5e4baa04ccb13a904341145e3919","testCaseId":"[engine:junit-jupiter]/[class:tests.sgu.TestFlujoSgu]/[method:testValidarEstadoSolicitud()]","testCaseName":"testValidarEstadoSolicitud()","fullName":"tests.sgu.TestFlujoSgu.testValidarEstadoSolicitud","labels":[{"name":"junit.platform.uniqueid","value":"[engine:junit-jupiter]/[class:tests.sgu.TestFlujoSgu]/[method:testValidarEstadoSolicitud()]"},{"name":"epic","value":"SGU - Gestión de Solicitudes"},{"name":"feature","value":"Validar Estado"},{"name":"host","value":"Osiel"},{"name":"thread","value":"23420@Osiel.main(1)"},{"name":"framework","value":"junit-platform"},{"name":"language","value":"java"},{"name":"package","value":"tests.sgu.TestFlujoSgu"},{"name":"testClass","value":"tests.sgu.TestFlujoSgu"},{"name":"testMethod","value":"testValidarEstadoSolicitud"},{"name":"suite","value":"tests.sgu.TestFlujoSgu"},{"name":"severity","value":"normal"}],"links":[],"name":"testValidarEstadoSolicitud()","status":"broken","statusDetails":{"known":false,"muted":false,"flaky":false,"message":"Expected condition failed: waiting for presence of element located by: By.cssSelector: a[title='Solicitudes'][href='SolicitudesUsuarios.aspx'] (tried for 10 second(s) with 500 milliseconds interval)","trace":"org.openqa.selenium.TimeoutException: Expected condition failed: waiting for presence of element located by: By.cssSelector: a[title='Solicitudes'][href='SolicitudesUsuarios.aspx'] (tried for 10 second(s) with 500 milliseconds interval)\r\n\tat org.openqa.selenium.support.ui.WebDriverWait.timeoutException(WebDriverWait.java:84)\r\n\tat org.openqa.selenium.support.ui.FluentWait.until(FluentWait.java:228)\r\n\tat cl.aach.pages.sgu.ValidarEstadoSolicitud.gestionDeSolicitudes(ValidarEstadoSolicitud.java:83)\r\n\tat tests.sgu.TestFlujoSgu.testValidarEstadoSolicitud(TestFlujoSgu.java:72)\r\n\tat java.base/java.lang.reflect.Method.invoke(Method.java:580)\r\n\tat java.base/java.util.ArrayList.forEach(ArrayList.java:1597)\r\n\tat java.base/java.util.ArrayList.forEach(ArrayList.java:1597)\r\nCaused by: org.openqa.selenium.NoSuchElementException: no such element: Unable to locate element: {\"method\":\"css selector\",\"selector\":\"a[title='Solicitudes'][href='SolicitudesUsuarios.aspx']\"}\n  (Session info: chrome=133.0.6943.142)\nFor documentation on this error, please visit: https://www.selenium.dev/documentation/webdriver/troubleshooting/errors#no-such-element-exception\nBuild info: version: '4.28.1', revision: '73f5ad48a2'\nSystem info: os.name: 'Windows 11', os.arch: 'amd64', os.version: '10.0', java.version: '23.0.1'\nDriver info: org.openqa.selenium.chrome.ChromeDriver\nCommand: [66ccf1560412030c0da5f8fb8719da77, findElement {using=css selector, value=a[title='Solicitudes'][href='SolicitudesUsuarios.aspx']}]\nCapabilities {acceptInsecureCerts: false, browserName: chrome, browserVersion: 133.0.6943.142, chrome: {chromedriverVersion: 133.0.6943.141 (2a5d6da0d61..., userDataDir: C:\\Users\\osiel\\AppData\\Loca...}, fedcm:accounts: true, goog:chromeOptions: {debuggerAddress: localhost:59294}, networkConnectionEnabled: false, pageLoadStrategy: normal, platformName: windows, proxy: Proxy(), se:cdp: ws://localhost:59294/devtoo..., se:cdpVersion: 133.0.6943.142, setWindowRect: true, strictFileInteractability: false, timeouts: {implicit: 0, pageLoad: 300000, script: 30000}, unhandledPromptBehavior: dismiss and notify, webauthn:extension:credBlob: true, webauthn:extension:largeBlob: true, webauthn:extension:minPinLength: true, webauthn:extension:prf: true, webauthn:virtualAuthenticators: true}\nSession ID: 66ccf1560412030c0da5f8fb8719da77\r\n\tat java.base/jdk.internal.reflect.DirectConstructorHandleAccessor.newInstance(DirectConstructorHandleAccessor.java:62)\r\n\tat java.base/java.lang.reflect.Constructor.newInstanceWithCaller(Constructor.java:501)\r\n\tat java.base/java.lang.reflect.Constructor.newInstance(Constructor.java:485)\r\n\tat org.openqa.selenium.remote.ErrorCodec.decode(ErrorCodec.java:167)\r\n\tat org.openqa.selenium.remote.codec.w3c.W3CHttpResponseCodec.decode(W3CHttpResponseCodec.java:138)\r\n\tat org.openqa.selenium.remote.codec.w3c.W3CHttpResponseCodec.decode(W3CHttpResponseCodec.java:50)\r\n\tat org.openqa.selenium.remote.HttpCommandExecutor.execute(HttpCommandExecutor.java:215)\r\n\tat org.openqa.selenium.remote.service.DriverCommandExecutor.invokeExecute(DriverCommandExecutor.java:216)\r\n\tat org.openqa.selenium.remote.service.DriverCommandExecutor.execute(DriverCommandExecutor.java:174)\r\n\tat org.openqa.selenium.remote.RemoteWebDriver.execute(RemoteWebDriver.java:545)\r\n\tat org.openqa.selenium.remote.ElementLocation$ElementFinder$2.findElement(ElementLocation.java:165)\r\n\tat org.openqa.selenium.remote.ElementLocation.findElement(ElementLocation.java:59)\r\n\tat org.openqa.selenium.remote.RemoteWebDriver.findElement(RemoteWebDriver.java:368)\r\n\tat org.openqa.selenium.remote.RemoteWebDriver.findElement(RemoteWebDriver.java:362)\r\n\tat org.openqa.selenium.support.ui.ExpectedConditions$6.apply(ExpectedConditions.java:171)\r\n\tat org.openqa.selenium.support.ui.ExpectedConditions$6.apply(ExpectedConditions.java:168)\r\n\tat org.openqa.selenium.support.ui.FluentWait.until(FluentWait.java:203)\r\n\t... 5 more\r\n"},"stage":"finished","description":"SGU - Validar Estado de Solicitud para activar DRP Pruebas","steps":[{"name":"Acceder a la gestión de solicitudes y registrar última operación","status":"passed","stage":"finished","steps":[],"attachments":[],"parameters":[],"start":1741640524654,"stop":1741640524654}],"attachments":[],"parameters":[],"start":1741640521667,"stop":1741640537043}